#
# There is insufficient memory for the Java Runtime Environment to continue.
# Native memory allocation (malloc) failed to allocate 1048576 bytes. Error detail: AllocateHeap
# Possible reasons:
#   The system is out of physical RAM or swap space
#   This process is running with CompressedOops enabled, and the Java Heap may be blocking the growth of the native heap
# Possible solutions:
#   Reduce memory load on the system
#   Increase physical memory or swap space
#   Check if swap backing store is full
#   Decrease Java heap size (-Xmx/-Xms)
#   Decrease number of Java threads
#   Decrease Java thread stack sizes (-Xss)
#   Set larger code cache with -XX:ReservedCodeCacheSize=
#   JVM is running with Unscaled Compressed Oops mode in which the Java heap is
#     placed in the first 4GB address space. The Java Heap base address is the
#     maximum limit for the native heap growth. Please use -XX:HeapBaseMinAddress
#     to set the Java Heap base and to place the Java Heap above 4GB virtual address.
# This output file may be truncated or incomplete.
#
#  Out of Memory Error (allocation.cpp:44), pid=20644, tid=17104
#
# JRE version: OpenJDK Runtime Environment Temurin-21.0.9+10 (21.0.9+10) (build 21.0.9+10-LTS)
# Java VM: OpenJDK 64-Bit Server VM Temurin-21.0.9+10 (21.0.9+10-LTS, mixed mode, sharing, tiered, compressed oops, compressed class ptrs, parallel gc, windows-amd64)
# No core dump will be written. Minidumps are not enabled by default on client versions of Windows
#

---------------  S U M M A R Y ------------

Command Line: --add-modules=ALL-SYSTEM --add-opens=java.base/java.util=ALL-UNNAMED --add-opens=java.base/java.lang=ALL-UNNAMED --add-opens=java.base/sun.nio.fs=ALL-UNNAMED -Declipse.application=org.eclipse.jdt.ls.core.id1 -Dosgi.bundles.defaultStartLevel=4 -Declipse.product=org.eclipse.jdt.ls.core.product -Djava.import.generatesMetadataFilesAtProjectRoot=false -DDetectVMInstallationsJob.disabled=true -Dfile.encoding=utf8 -XX:+UseParallelGC -XX:GCTimeRatio=4 -XX:AdaptiveSizePolicyWeight=90 -Dsun.zip.disableMemoryMapping=true -Xmx2G -Xms100m -Xlog:disable -javaagent:c:\Users\1234\.vscode\extensions\redhat.java-1.51.0-win32-x64\lombok\lombok-1.18.39-4050.jar -XX:+HeapDumpOnOutOfMemoryError -XX:HeapDumpPath=c:\Users\1234\AppData\Roaming\Code\User\workspaceStorage\cbc5061a08b81d8c0b13dd733fd11101\redhat.java -Daether.dependencyCollector.impl=bf c:\Users\1234\.vscode\extensions\redhat.java-1.51.0-win32-x64\server\plugins\org.eclipse.equinox.launcher_1.7.100.v20251111-0406.jar -configuration c:\Users\1234\AppData\Roaming\Code\User\globalStorage\redhat.java\1.51.0\config_win -data c:\Users\1234\AppData\Roaming\Code\User\workspaceStorage\cbc5061a08b81d8c0b13dd733fd11101\redhat.java\jdt_ws --pipe=\\.\pipe\lsp-b069ebf0e2c445933977ca38c6203d7b-sock

Host: Intel(R) Core(TM) i5-10310U CPU @ 1.70GHz, 8 cores, 15G,  Windows 11 , 64 bit Build 26100 (10.0.26100.7309)
Time: Tue Jan 13 17:41:57 2026 India Standard Time elapsed time: 303.263710 seconds (0d 0h 5m 3s)

---------------  T H R E A D  ---------------

Current thread (0x000002069ea348c0):  JavaThread "Attach Listener" daemon [_thread_in_vm, id=17104, stack(0x00000025e8400000,0x00000025e8500000) (1024K)]

Stack: [0x00000025e8400000,0x00000025e8500000]
Native frames: (J=compiled Java code, j=interpreted, Vv=VM code, C=native code)
V  [jvm.dll+0x6d6e29]
V  [jvm.dll+0x8b4b76]
V  [jvm.dll+0x8b712e]
V  [jvm.dll+0x8b7813]
V  [jvm.dll+0x283d86]
V  [jvm.dll+0xc1277]
V  [jvm.dll+0x6d76d9]
V  [jvm.dll+0x133466]
V  [jvm.dll+0x3f7ea6]
V  [jvm.dll+0x85e9ad]
V  [jvm.dll+0x6d565d]
C  [ucrtbase.dll+0x37b0]
C  [KERNEL32.DLL+0x2e8d7]
C  [ntdll.dll+0x8c53c]


---------------  P R O C E S S  ---------------

Threads class SMR info:
_java_thread_list=0x00000206e93f2950, length=44, elements={
0x0000020687fbba70, 0x000002069ea2e2c0, 0x000002069ea302c0, 0x000002069ea32c60,
0x000002069ea348c0, 0x000002069ea3e800, 0x000002069ea63d70, 0x000002069ea64ba0,
0x000002069ea6a220, 0x00000206e15818a0, 0x00000206e16440a0, 0x00000206e6234010,
0x00000206e61a07f0, 0x00000206e148ee10, 0x00000206e17768d0, 0x00000206e6564e50,
0x00000206e19aef60, 0x00000206e6252c80, 0x00000206e13a9410, 0x00000206e13abb70,
0x00000206e13a86f0, 0x00000206e13a8d80, 0x00000206e13aa130, 0x00000206e13aae50,
0x00000206e6ffdf10, 0x00000206e6fff2c0, 0x00000206e6fff950, 0x00000206e6ffffe0,
0x00000206e7000670, 0x00000206e7000d00, 0x00000206e7001390, 0x00000206e6ffe5a0,
0x00000206e7001a20, 0x00000206e70020b0, 0x00000206e7002dd0, 0x00000206e7003af0,
0x00000206e7004ea0, 0x00000206e7005530, 0x00000206e6ffec30, 0x00000206e85e2000,
0x00000206e85e33b0, 0x00000206e85e3a40, 0x00000206e85e4760, 0x00000206e85e4df0
}

Java Threads: ( => current thread )
  0x0000020687fbba70 JavaThread "main"                              [_thread_blocked, id=15492, stack(0x00000025e7d00000,0x00000025e7e00000) (1024K)]
  0x000002069ea2e2c0 JavaThread "Reference Handler"          daemon [_thread_blocked, id=15200, stack(0x00000025e8100000,0x00000025e8200000) (1024K)]
  0x000002069ea302c0 JavaThread "Finalizer"                  daemon [_thread_blocked, id=23572, stack(0x00000025e8200000,0x00000025e8300000) (1024K)]
  0x000002069ea32c60 JavaThread "Signal Dispatcher"          daemon [_thread_blocked, id=12160, stack(0x00000025e8300000,0x00000025e8400000) (1024K)]
=>0x000002069ea348c0 JavaThread "Attach Listener"            daemon [_thread_in_vm, id=17104, stack(0x00000025e8400000,0x00000025e8500000) (1024K)]
  0x000002069ea3e800 JavaThread "Service Thread"             daemon [_thread_blocked, id=28316, stack(0x00000025e8500000,0x00000025e8600000) (1024K)]
  0x000002069ea63d70 JavaThread "Monitor Deflation Thread"   daemon [_thread_blocked, id=17536, stack(0x00000025e8600000,0x00000025e8700000) (1024K)]
  0x000002069ea64ba0 JavaThread "C2 CompilerThread0"         daemon [_thread_blocked, id=15908, stack(0x00000025e8700000,0x00000025e8800000) (1024K)]
  0x000002069ea6a220 JavaThread "C1 CompilerThread0"         daemon [_thread_blocked, id=3740, stack(0x00000025e8800000,0x00000025e8900000) (1024K)]
  0x00000206e15818a0 JavaThread "Common-Cleaner"             daemon [_thread_blocked, id=10492, stack(0x00000025e8900000,0x00000025e8a00000) (1024K)]
  0x00000206e16440a0 JavaThread "Notification Thread"        daemon [_thread_blocked, id=6752, stack(0x00000025e8a00000,0x00000025e8b00000) (1024K)]
  0x00000206e6234010 JavaThread "Active Thread: Equinox Container: e2773753-3ad4-4ee4-b0ec-26ebb8278b0e"        [_thread_blocked, id=23004, stack(0x00000025e9300000,0x00000025e9400000) (1024K)]
  0x00000206e61a07f0 JavaThread "Refresh Thread: Equinox Container: e2773753-3ad4-4ee4-b0ec-26ebb8278b0e" daemon [_thread_blocked, id=11824, stack(0x00000025e9200000,0x00000025e9300000) (1024K)]
  0x00000206e148ee10 JavaThread "Framework Event Dispatcher: Equinox Container: e2773753-3ad4-4ee4-b0ec-26ebb8278b0e" daemon [_thread_blocked, id=18072, stack(0x00000025e9400000,0x00000025e9500000) (1024K)]
  0x00000206e17768d0 JavaThread "Start Level: Equinox Container: e2773753-3ad4-4ee4-b0ec-26ebb8278b0e" daemon [_thread_blocked, id=5060, stack(0x00000025e9500000,0x00000025e9600000) (1024K)]
  0x00000206e6564e50 JavaThread "Bundle File Closer"         daemon [_thread_blocked, id=26844, stack(0x00000025e9600000,0x00000025e9700000) (1024K)]
  0x00000206e19aef60 JavaThread "SCR Component Actor"        daemon [_thread_blocked, id=20108, stack(0x00000025e9700000,0x00000025e9800000) (1024K)]
  0x00000206e6252c80 JavaThread "Worker-JM"                         [_thread_blocked, id=27104, stack(0x00000025e9900000,0x00000025e9a00000) (1024K)]
  0x00000206e13a9410 JavaThread "Java indexing"              daemon [_thread_blocked, id=6088, stack(0x00000025e9c00000,0x00000025e9d00000) (1024K)]
  0x00000206e13abb70 JavaThread "Worker-2"                          [_thread_blocked, id=6164, stack(0x00000025e9d00000,0x00000025e9e00000) (1024K)]
  0x00000206e13a86f0 JavaThread "Worker-3"                          [_thread_blocked, id=23508, stack(0x00000025e9f00000,0x00000025ea000000) (1024K)]
  0x00000206e13a8d80 JavaThread "JNA Cleaner"                daemon [_thread_blocked, id=1196, stack(0x00000025ea000000,0x00000025ea100000) (1024K)]
  0x00000206e13aa130 JavaThread "Thread-1"                   daemon [_thread_in_native, id=792, stack(0x00000025ea500000,0x00000025ea600000) (1024K)]
  0x00000206e13aae50 JavaThread "Thread-2"                   daemon [_thread_in_native, id=10080, stack(0x00000025ea600000,0x00000025ea700000) (1024K)]
  0x00000206e6ffdf10 JavaThread "Thread-3"                   daemon [_thread_in_native, id=24872, stack(0x00000025ea700000,0x00000025ea800000) (1024K)]
  0x00000206e6fff2c0 JavaThread "Thread-4"                   daemon [_thread_in_native, id=3112, stack(0x00000025ea800000,0x00000025ea900000) (1024K)]
  0x00000206e6fff950 JavaThread "Thread-5"                   daemon [_thread_in_native, id=788, stack(0x00000025ea900000,0x00000025eaa00000) (1024K)]
  0x00000206e6ffffe0 JavaThread "Thread-6"                   daemon [_thread_in_native, id=24480, stack(0x00000025eaa00000,0x00000025eab00000) (1024K)]
  0x00000206e7000670 JavaThread "Thread-7"                   daemon [_thread_in_native, id=1656, stack(0x00000025eab00000,0x00000025eac00000) (1024K)]
  0x00000206e7000d00 JavaThread "Thread-8"                   daemon [_thread_in_native, id=2748, stack(0x00000025eac00000,0x00000025ead00000) (1024K)]
  0x00000206e7001390 JavaThread "Thread-9"                   daemon [_thread_in_native, id=18092, stack(0x00000025ead00000,0x00000025eae00000) (1024K)]
  0x00000206e6ffe5a0 JavaThread "pool-2-thread-1"                   [_thread_blocked, id=15516, stack(0x00000025eae00000,0x00000025eaf00000) (1024K)]
  0x00000206e7001a20 JavaThread "WorkspaceEventsHandler"            [_thread_blocked, id=22524, stack(0x00000025eaf00000,0x00000025eb000000) (1024K)]
  0x00000206e70020b0 JavaThread "pool-1-thread-1"                   [_thread_blocked, id=6388, stack(0x00000025eb000000,0x00000025eb100000) (1024K)]
  0x00000206e7002dd0 JavaThread "Compiler Source File Reader" daemon [_thread_blocked, id=3468, stack(0x00000025eb300000,0x00000025eb400000) (1024K)]
  0x00000206e7003af0 JavaThread "Compiler Class File Writer" daemon [_thread_blocked, id=19588, stack(0x00000025eb500000,0x00000025eb600000) (1024K)]
  0x00000206e7004ea0 JavaThread "ForkJoinPool.commonPool-worker-1" daemon [_thread_blocked, id=25116, stack(0x00000025eb600000,0x00000025eb700000) (1024K)]
  0x00000206e7005530 JavaThread "ForkJoinPool.commonPool-worker-2" daemon [_thread_blocked, id=19892, stack(0x00000025eb700000,0x00000025eb800000) (1024K)]
  0x00000206e6ffec30 JavaThread "ForkJoinPool.commonPool-worker-3" daemon [_thread_blocked, id=21388, stack(0x00000025e9b00000,0x00000025e9c00000) (1024K)]
  0x00000206e85e2000 JavaThread "ForkJoinPool.commonPool-worker-6" daemon [_thread_blocked, id=26672, stack(0x00000025eb800000,0x00000025eb900000) (1024K)]
  0x00000206e85e33b0 JavaThread "ForkJoinPool.commonPool-worker-7" daemon [_thread_blocked, id=18904, stack(0x00000025eb900000,0x00000025eba00000) (1024K)]
  0x00000206e85e3a40 JavaThread "Compiler Source File Reader" daemon [_thread_blocked, id=6348, stack(0x00000025ebd00000,0x00000025ebe00000) (1024K)]
  0x00000206e85e4760 JavaThread "Compiler Source File Reader" daemon [_thread_blocked, id=1580, stack(0x00000025eba00000,0x00000025ebb00000) (1024K)]
  0x00000206e85e4df0 JavaThread "Compiler Source File Reader" daemon [_thread_blocked, id=12448, stack(0x00000025e7c00000,0x00000025e7d00000) (1024K)]
Total: 44

Other Threads:
  0x000002068807eb90 VMThread "VM Thread"                           [id=14176, stack(0x00000025e8000000,0x00000025e8100000) (1024K)]
  0x00000206880275f0 WatcherThread "VM Periodic Task Thread"        [id=25776, stack(0x00000025e7f00000,0x00000025e8000000) (1024K)]
  0x0000020687fdb0b0 WorkerThread "GC Thread#0"                     [id=20760, stack(0x00000025e7e00000,0x00000025e7f00000) (1024K)]
  0x00000206e1ae3b20 WorkerThread "GC Thread#1"                     [id=6952, stack(0x00000025e8c00000,0x00000025e8d00000) (1024K)]
  0x00000206e1ae6b80 WorkerThread "GC Thread#2"                     [id=3864, stack(0x00000025e8d00000,0x00000025e8e00000) (1024K)]
  0x00000206e1ae6f20 WorkerThread "GC Thread#3"                     [id=10968, stack(0x00000025e8e00000,0x00000025e8f00000) (1024K)]
  0x00000206e1ae72c0 WorkerThread "GC Thread#4"                     [id=7488, stack(0x00000025e8f00000,0x00000025e9000000) (1024K)]
  0x00000206e1ad3330 WorkerThread "GC Thread#5"                     [id=27340, stack(0x00000025e9000000,0x00000025e9100000) (1024K)]
  0x00000206e1ad36d0 WorkerThread "GC Thread#6"                     [id=26364, stack(0x00000025e9100000,0x00000025e9200000) (1024K)]
  0x000002069ea66f00 WorkerThread "GC Thread#7"                     [id=10536, stack(0x00000025e8b00000,0x00000025e8c00000) (1024K)]
Total: 10

Threads with active compile tasks:
Total: 0

VM state: not at safepoint (normal execution)

VM Mutex/Monitor currently owned by a thread: None

Heap address: 0x0000000080000000, size: 2048 MB, Compressed Oops mode: 32-bit

CDS archive(s) mapped at: [0x000002069f000000-0x000002069fba0000-0x000002069fba0000), size 12189696, SharedBaseAddress: 0x000002069f000000, ArchiveRelocationMode: 1.
Compressed class space mapped at: 0x00000206a0000000-0x00000206e0000000, reserved size: 1073741824
Narrow klass base: 0x000002069f000000, Narrow klass shift: 0, Narrow klass range: 0x100000000

GC Precious Log:
 CardTable entry size: 512
 CPUs: 8 total, 8 available
 Memory: 16136M
 Large Page Support: Disabled
 NUMA Support: Disabled
 Compressed Oops: Enabled (32-bit)
 Alignments: Space 512K, Generation 512K, Heap 2M
 Heap Min Capacity: 100M
 Heap Initial Capacity: 100M
 Heap Max Capacity: 2G
 Pre-touch: Disabled
 Parallel Workers: 8

Heap:
 PSYoungGen      total 10240K, used 7332K [0x00000000d5580000, 0x00000000d6480000, 0x0000000100000000)
  eden space 9216K, 70% used [0x00000000d5580000,0x00000000d5bd9210,0x00000000d5e80000)
  from space 1024K, 81% used [0x00000000d6380000,0x00000000d6450020,0x00000000d6480000)
  to   space 1536K, 0% used [0x00000000d6180000,0x00000000d6180000,0x00000000d6300000)
 ParOldGen       total 529920K, used 529691K [0x0000000080000000, 0x00000000a0580000, 0x00000000d5580000)
  object space 529920K, 99% used [0x0000000080000000,0x00000000a0546f90,0x00000000a0580000)
 Metaspace       used 73353K, committed 74880K, reserved 1179648K
  class space    used 7938K, committed 8640K, reserved 1048576K

Card table byte_map: [0x0000020687960000,0x0000020687d70000] _byte_map_base: 0x0000020687560000

Marking Bits: (ParMarkBitMap*) 0x00007ff988202460
 Begin Bits: [0x000002069a470000, 0x000002069c470000)
 End Bits:   [0x000002069c470000, 0x000002069e470000)

Polling page: 0x0000020686090000

Metaspace:

Usage:
  Non-class:     63.88 MB used.
      Class:      7.75 MB used.
       Both:     71.63 MB used.

Virtual space:
  Non-class space:      128.00 MB reserved,      64.69 MB ( 51%) committed,  2 nodes.
      Class space:        1.00 GB reserved,       8.44 MB ( <1%) committed,  1 nodes.
             Both:        1.12 GB reserved,      73.12 MB (  6%) committed. 

Chunk freelists:
   Non-Class:  14.83 MB
       Class:  7.51 MB
        Both:  22.34 MB

MaxMetaspaceSize: unlimited
CompressedClassSpaceSize: 1.00 GB
Initial GC threshold: 21.00 MB
Current GC threshold: 97.31 MB
CDS: on
 - commit_granule_bytes: 65536.
 - commit_granule_words: 8192.
 - virtual_space_node_default_size: 8388608.
 - enlarge_chunks_in_place: 1.
 - use_allocation_guard: 0.


Internal statistics:

num_allocs_failed_limit: 9.
num_arena_births: 1144.
num_arena_deaths: 28.
num_vsnodes_births: 3.
num_vsnodes_deaths: 0.
num_space_committed: 1170.
num_space_uncommitted: 0.
num_chunks_returned_to_freelist: 40.
num_chunks_taken_from_freelist: 4435.
num_chunk_merges: 14.
num_chunk_splits: 2717.
num_chunks_enlarged: 1586.
num_inconsistent_stats: 0.

CodeHeap 'non-profiled nmethods': size=120000Kb used=8738Kb max_used=8738Kb free=111262Kb
 bounds [0x0000020692c90000, 0x0000020693520000, 0x000002069a1c0000]
CodeHeap 'profiled nmethods': size=120000Kb used=23104Kb max_used=23104Kb free=96895Kb
 bounds [0x000002068b1c0000, 0x000002068c860000, 0x00000206926f0000]
CodeHeap 'non-nmethods': size=5760Kb used=1495Kb max_used=1602Kb free=4264Kb
 bounds [0x00000206926f0000, 0x0000020692960000, 0x0000020692c90000]
CodeCache: size=245760Kb, used=33337Kb, max_used=33444Kb, free=212421Kb
 total_blobs=10944, nmethods=10127, adapters=722, full_count=0
Compilation: enabled, stopped_count=0, restarted_count=0

Compilation events (20 events):
Event: 118.334 Thread 0x000002069ea6a220 10934       3       org.eclipse.jface.text.GapTextStore::arrayCopy (18 bytes)
Event: 118.334 Thread 0x000002069ea6a220 nmethod 10934 0x000002068c84ca90 code [0x000002068c84cc40, 0x000002068c84ce30]
Event: 118.335 Thread 0x000002069ea6a220 10935       3       org.eclipse.jdt.internal.core.JavaProject::<init> (11 bytes)
Event: 118.336 Thread 0x000002069ea6a220 nmethod 10935 0x000002068c84cf10 code [0x000002068c84d0e0, 0x000002068c84d4a0]
Event: 118.337 Thread 0x000002069ea6a220 10936       3       org.eclipse.jdt.ls.core.internal.text.correction.CodeActionUtility::inferASTNode (60 bytes)
Event: 118.338 Thread 0x000002069ea64ba0 10938       4       com.google.gson.stream.JsonWriter::beforeName (49 bytes)
Event: 118.338 Thread 0x000002069ea6a220 nmethod 10936 0x000002068c84d610 code [0x000002068c84d800, 0x000002068c84de00]
Event: 118.338 Thread 0x000002069ea6a220 10937       3       org.eclipse.lsp4j.jsonrpc.messages.ResponseMessage::<init> (5 bytes)
Event: 118.338 Thread 0x000002069ea6a220 nmethod 10937 0x000002068c84df90 code [0x000002068c84e140, 0x000002068c84e388]
Event: 118.358 Thread 0x000002069ea64ba0 nmethod 10938 0x0000020693517310 code [0x0000020693517540, 0x0000020693517e60]
Event: 127.932 Thread 0x000002069ea6a220 10939   !   3       org.eclipse.jdt.ls.core.internal.ProjectUtils::hasNature (21 bytes)
Event: 127.932 Thread 0x000002069ea6a220 nmethod 10939 0x000002068c84e490 code [0x000002068c84e660, 0x000002068c84e8b0]
Event: 127.933 Thread 0x000002069ea6a220 10940       3       java.util.concurrent.ForkJoinPool::hasTasks (125 bytes)
Event: 127.933 Thread 0x000002069ea6a220 nmethod 10940 0x000002068c84ea10 code [0x000002068c84ebe0, 0x000002068c84f008]
Event: 154.990 Thread 0x000002069ea6a220 10941       3       java.util.concurrent.ScheduledThreadPoolExecutor::canRunInCurrentRunState (61 bytes)
Event: 154.991 Thread 0x000002069ea6a220 nmethod 10941 0x000002068c84f210 code [0x000002068c84f420, 0x000002068c84fbd0]
Event: 194.572 Thread 0x000002069ea6a220 10942       1       java.util.concurrent.ThreadPoolExecutor::getQueue (5 bytes)
Event: 194.573 Thread 0x000002069ea6a220 nmethod 10942 0x0000020693518510 code [0x00000206935186a0, 0x0000020693518768]
Event: 274.636 Thread 0x000002069ea6a220 10943       3       java.util.Optional::get (22 bytes)
Event: 274.636 Thread 0x000002069ea6a220 nmethod 10943 0x000002068c84fe10 code [0x000002068c84ffc0, 0x000002068c8501e0]

GC Heap History (20 events):
Event: 91.046 GC heap before
{Heap before GC invocations=330 (full 3):
 PSYoungGen      total 10240K, used 9840K [0x00000000d5580000, 0x00000000d6300000, 0x0000000100000000)
  eden space 9216K, 100% used [0x00000000d5580000,0x00000000d5e80000,0x00000000d5e80000)
  from space 1024K, 60% used [0x00000000d6200000,0x00000000d629c030,0x00000000d6300000)
  to   space 2048K, 0% used [0x00000000d5f00000,0x00000000d5f00000,0x00000000d6100000)
 ParOldGen       total 517120K, used 516732K [0x0000000080000000, 0x000000009f900000, 0x00000000d5580000)
  object space 517120K, 99% used [0x0000000080000000,0x000000009f89f1d0,0x000000009f900000)
 Metaspace       used 72165K, committed 73664K, reserved 1179648K
  class space    used 7836K, committed 8512K, reserved 1048576K
}
Event: 91.053 GC heap after
{Heap after GC invocations=330 (full 3):
 PSYoungGen      total 11264K, used 2032K [0x00000000d5580000, 0x00000000d6880000, 0x0000000100000000)
  eden space 9216K, 0% used [0x00000000d5580000,0x00000000d5580000,0x00000000d5e80000)
  from space 2048K, 99% used [0x00000000d5f00000,0x00000000d60fc2f0,0x00000000d6100000)
  to   space 5120K, 0% used [0x00000000d6380000,0x00000000d6380000,0x00000000d6880000)
 ParOldGen       total 519168K, used 519052K [0x0000000080000000, 0x000000009fb00000, 0x00000000d5580000)
  object space 519168K, 99% used [0x0000000080000000,0x000000009fae31f0,0x000000009fb00000)
 Metaspace       used 72165K, committed 73664K, reserved 1179648K
  class space    used 7836K, committed 8512K, reserved 1048576K
}
Event: 91.202 GC heap before
{Heap before GC invocations=331 (full 3):
 PSYoungGen      total 11264K, used 11248K [0x00000000d5580000, 0x00000000d6880000, 0x0000000100000000)
  eden space 9216K, 100% used [0x00000000d5580000,0x00000000d5e80000,0x00000000d5e80000)
  from space 2048K, 99% used [0x00000000d5f00000,0x00000000d60fc2f0,0x00000000d6100000)
  to   space 5120K, 0% used [0x00000000d6380000,0x00000000d6380000,0x00000000d6880000)
 ParOldGen       total 519168K, used 519052K [0x0000000080000000, 0x000000009fb00000, 0x00000000d5580000)
  object space 519168K, 99% used [0x0000000080000000,0x000000009fae31f0,0x000000009fb00000)
 Metaspace       used 72207K, committed 73792K, reserved 1179648K
  class space    used 7838K, committed 8512K, reserved 1048576K
}
Event: 91.212 GC heap after
{Heap after GC invocations=331 (full 3):
 PSYoungGen      total 13312K, used 4080K [0x00000000d5580000, 0x00000000d6780000, 0x0000000100000000)
  eden space 9216K, 0% used [0x00000000d5580000,0x00000000d5580000,0x00000000d5e80000)
  from space 4096K, 99% used [0x00000000d6380000,0x00000000d677c2f0,0x00000000d6780000)
  to   space 4608K, 0% used [0x00000000d5e80000,0x00000000d5e80000,0x00000000d6300000)
 ParOldGen       total 519680K, used 519451K [0x0000000080000000, 0x000000009fb80000, 0x00000000d5580000)
  object space 519680K, 99% used [0x0000000080000000,0x000000009fb46c40,0x000000009fb80000)
 Metaspace       used 72207K, committed 73792K, reserved 1179648K
  class space    used 7838K, committed 8512K, reserved 1048576K
}
Event: 94.268 GC heap before
{Heap before GC invocations=332 (full 3):
 PSYoungGen      total 13312K, used 13296K [0x00000000d5580000, 0x00000000d6780000, 0x0000000100000000)
  eden space 9216K, 100% used [0x00000000d5580000,0x00000000d5e80000,0x00000000d5e80000)
  from space 4096K, 99% used [0x00000000d6380000,0x00000000d677c2f0,0x00000000d6780000)
  to   space 4608K, 0% used [0x00000000d5e80000,0x00000000d5e80000,0x00000000d6300000)
 ParOldGen       total 519680K, used 519451K [0x0000000080000000, 0x000000009fb80000, 0x00000000d5580000)
  object space 519680K, 99% used [0x0000000080000000,0x000000009fb46c40,0x000000009fb80000)
 Metaspace       used 72225K, committed 73792K, reserved 1179648K
  class space    used 7838K, committed 8512K, reserved 1048576K
}
Event: 94.273 GC heap after
{Heap after GC invocations=332 (full 3):
 PSYoungGen      total 13312K, used 3856K [0x00000000d5580000, 0x00000000d6680000, 0x0000000100000000)
  eden space 9216K, 0% used [0x00000000d5580000,0x00000000d5580000,0x00000000d5e80000)
  from space 4096K, 94% used [0x00000000d5e80000,0x00000000d62442f0,0x00000000d6280000)
  to   space 4096K, 0% used [0x00000000d6280000,0x00000000d6280000,0x00000000d6680000)
 ParOldGen       total 519680K, used 519483K [0x0000000080000000, 0x000000009fb80000, 0x00000000d5580000)
  object space 519680K, 99% used [0x0000000080000000,0x000000009fb4ec40,0x000000009fb80000)
 Metaspace       used 72225K, committed 73792K, reserved 1179648K
  class space    used 7838K, committed 8512K, reserved 1048576K
}
Event: 94.349 GC heap before
{Heap before GC invocations=333 (full 3):
 PSYoungGen      total 13312K, used 13072K [0x00000000d5580000, 0x00000000d6680000, 0x0000000100000000)
  eden space 9216K, 99% used [0x00000000d5580000,0x00000000d5e7ffb8,0x00000000d5e80000)
  from space 4096K, 94% used [0x00000000d5e80000,0x00000000d62442f0,0x00000000d6280000)
  to   space 4096K, 0% used [0x00000000d6280000,0x00000000d6280000,0x00000000d6680000)
 ParOldGen       total 519680K, used 519483K [0x0000000080000000, 0x000000009fb80000, 0x00000000d5580000)
  object space 519680K, 99% used [0x0000000080000000,0x000000009fb4ec40,0x000000009fb80000)
 Metaspace       used 72227K, committed 73792K, reserved 1179648K
  class space    used 7838K, committed 8512K, reserved 1048576K
}
Event: 94.353 GC heap after
{Heap after GC invocations=333 (full 3):
 PSYoungGen      total 10752K, used 1264K [0x00000000d5580000, 0x00000000d6400000, 0x0000000100000000)
  eden space 9216K, 0% used [0x00000000d5580000,0x00000000d5580000,0x00000000d5e80000)
  from space 1536K, 82% used [0x00000000d6280000,0x00000000d63bc2f0,0x00000000d6400000)
  to   space 2560K, 0% used [0x00000000d5f00000,0x00000000d5f00000,0x00000000d6180000)
 ParOldGen       total 519680K, used 519499K [0x0000000080000000, 0x000000009fb80000, 0x00000000d5580000)
  object space 519680K, 99% used [0x0000000080000000,0x000000009fb52c40,0x000000009fb80000)
 Metaspace       used 72227K, committed 73792K, reserved 1179648K
  class space    used 7838K, committed 8512K, reserved 1048576K
}
Event: 95.704 GC heap before
{Heap before GC invocations=334 (full 3):
 PSYoungGen      total 10752K, used 10480K [0x00000000d5580000, 0x00000000d6400000, 0x0000000100000000)
  eden space 9216K, 100% used [0x00000000d5580000,0x00000000d5e80000,0x00000000d5e80000)
  from space 1536K, 82% used [0x00000000d6280000,0x00000000d63bc2f0,0x00000000d6400000)
  to   space 2560K, 0% used [0x00000000d5f00000,0x00000000d5f00000,0x00000000d6180000)
 ParOldGen       total 519680K, used 519499K [0x0000000080000000, 0x000000009fb80000, 0x00000000d5580000)
  object space 519680K, 99% used [0x0000000080000000,0x000000009fb52c40,0x000000009fb80000)
 Metaspace       used 72412K, committed 73984K, reserved 1179648K
  class space    used 7854K, committed 8576K, reserved 1048576K
}
Event: 95.707 GC heap after
{Heap after GC invocations=334 (full 3):
 PSYoungGen      total 11776K, used 256K [0x00000000d5580000, 0x00000000d6300000, 0x0000000100000000)
  eden space 9216K, 0% used [0x00000000d5580000,0x00000000d5580000,0x00000000d5e80000)
  from space 2560K, 10% used [0x00000000d5f00000,0x00000000d5f40000,0x00000000d6180000)
  to   space 1024K, 0% used [0x00000000d6200000,0x00000000d6200000,0x00000000d6300000)
 ParOldGen       total 519680K, used 519507K [0x0000000080000000, 0x000000009fb80000, 0x00000000d5580000)
  object space 519680K, 99% used [0x0000000080000000,0x000000009fb54c40,0x000000009fb80000)
 Metaspace       used 72412K, committed 73984K, reserved 1179648K
  class space    used 7854K, committed 8576K, reserved 1048576K
}
Event: 104.802 GC heap before
{Heap before GC invocations=335 (full 3):
 PSYoungGen      total 11776K, used 9472K [0x00000000d5580000, 0x00000000d6300000, 0x0000000100000000)
  eden space 9216K, 100% used [0x00000000d5580000,0x00000000d5e80000,0x00000000d5e80000)
  from space 2560K, 10% used [0x00000000d5f00000,0x00000000d5f40000,0x00000000d6180000)
  to   space 1024K, 0% used [0x00000000d6200000,0x00000000d6200000,0x00000000d6300000)
 ParOldGen       total 519680K, used 519507K [0x0000000080000000, 0x000000009fb80000, 0x00000000d5580000)
  object space 519680K, 99% used [0x0000000080000000,0x000000009fb54c40,0x000000009fb80000)
 Metaspace       used 72838K, committed 74496K, reserved 1179648K
  class space    used 7902K, committed 8640K, reserved 1048576K
}
Event: 104.805 GC heap after
{Heap after GC invocations=335 (full 3):
 PSYoungGen      total 9728K, used 320K [0x00000000d5580000, 0x00000000d6280000, 0x0000000100000000)
  eden space 9216K, 0% used [0x00000000d5580000,0x00000000d5580000,0x00000000d5e80000)
  from space 512K, 62% used [0x00000000d6200000,0x00000000d6250000,0x00000000d6280000)
  to   space 512K, 0% used [0x00000000d6180000,0x00000000d6180000,0x00000000d6200000)
 ParOldGen       total 519680K, used 519555K [0x0000000080000000, 0x000000009fb80000, 0x00000000d5580000)
  object space 519680K, 99% used [0x0000000080000000,0x000000009fb60c40,0x000000009fb80000)
 Metaspace       used 72838K, committed 74496K, reserved 1179648K
  class space    used 7902K, committed 8640K, reserved 1048576K
}
Event: 105.012 GC heap before
{Heap before GC invocations=336 (full 3):
 PSYoungGen      total 9728K, used 9536K [0x00000000d5580000, 0x00000000d6280000, 0x0000000100000000)
  eden space 9216K, 100% used [0x00000000d5580000,0x00000000d5e80000,0x00000000d5e80000)
  from space 512K, 62% used [0x00000000d6200000,0x00000000d6250000,0x00000000d6280000)
  to   space 512K, 0% used [0x00000000d6180000,0x00000000d6180000,0x00000000d6200000)
 ParOldGen       total 519680K, used 519555K [0x0000000080000000, 0x000000009fb80000, 0x00000000d5580000)
  object space 519680K, 99% used [0x0000000080000000,0x000000009fb60c40,0x000000009fb80000)
 Metaspace       used 72997K, committed 74624K, reserved 1179648K
  class space    used 7909K, committed 8640K, reserved 1048576K
}
Event: 105.022 GC heap after
{Heap after GC invocations=336 (full 3):
 PSYoungGen      total 9728K, used 500K [0x00000000d5580000, 0x00000000d6c80000, 0x0000000100000000)
  eden space 9216K, 0% used [0x00000000d5580000,0x00000000d5580000,0x00000000d5e80000)
  from space 512K, 97% used [0x00000000d6180000,0x00000000d61fd2e0,0x00000000d6200000)
  to   space 7168K, 0% used [0x00000000d6580000,0x00000000d6580000,0x00000000d6c80000)
 ParOldGen       total 525312K, used 525132K [0x0000000080000000, 0x00000000a0100000, 0x00000000d5580000)
  object space 525312K, 99% used [0x0000000080000000,0x00000000a00d33c0,0x00000000a0100000)
 Metaspace       used 72997K, committed 74624K, reserved 1179648K
  class space    used 7909K, committed 8640K, reserved 1048576K
}
Event: 105.501 GC heap before
{Heap before GC invocations=337 (full 3):
 PSYoungGen      total 9728K, used 9716K [0x00000000d5580000, 0x00000000d6c80000, 0x0000000100000000)
  eden space 9216K, 100% used [0x00000000d5580000,0x00000000d5e80000,0x00000000d5e80000)
  from space 512K, 97% used [0x00000000d6180000,0x00000000d61fd2e0,0x00000000d6200000)
  to   space 7168K, 0% used [0x00000000d6580000,0x00000000d6580000,0x00000000d6c80000)
 ParOldGen       total 525312K, used 525132K [0x0000000080000000, 0x00000000a0100000, 0x00000000d5580000)
  object space 525312K, 99% used [0x0000000080000000,0x00000000a00d33c0,0x00000000a0100000)
 Metaspace       used 73133K, committed 74752K, reserved 1179648K
  class space    used 7931K, committed 8640K, reserved 1048576K
}
Event: 105.513 GC heap after
{Heap after GC invocations=337 (full 3):
 PSYoungGen      total 13312K, used 3952K [0x00000000d5580000, 0x00000000d6980000, 0x0000000100000000)
  eden space 9216K, 0% used [0x00000000d5580000,0x00000000d5580000,0x00000000d5e80000)
  from space 4096K, 96% used [0x00000000d6580000,0x00000000d695c300,0x00000000d6980000)
  to   space 5120K, 0% used [0x00000000d5f80000,0x00000000d5f80000,0x00000000d6480000)
 ParOldGen       total 525824K, used 525412K [0x0000000080000000, 0x00000000a0180000, 0x00000000d5580000)
  object space 525824K, 99% used [0x0000000080000000,0x00000000a01193c0,0x00000000a0180000)
 Metaspace       used 73133K, committed 74752K, reserved 1179648K
  class space    used 7931K, committed 8640K, reserved 1048576K
}
Event: 105.830 GC heap before
{Heap before GC invocations=338 (full 3):
 PSYoungGen      total 13312K, used 13168K [0x00000000d5580000, 0x00000000d6980000, 0x0000000100000000)
  eden space 9216K, 99% used [0x00000000d5580000,0x00000000d5e7ffd8,0x00000000d5e80000)
  from space 4096K, 96% used [0x00000000d6580000,0x00000000d695c300,0x00000000d6980000)
  to   space 5120K, 0% used [0x00000000d5f80000,0x00000000d5f80000,0x00000000d6480000)
 ParOldGen       total 525824K, used 525412K [0x0000000080000000, 0x00000000a0180000, 0x00000000d5580000)
  object space 525824K, 99% used [0x0000000080000000,0x00000000a01193c0,0x00000000a0180000)
 Metaspace       used 73146K, committed 74752K, reserved 1179648K
  class space    used 7932K, committed 8640K, reserved 1048576K
}
Event: 105.841 GC heap after
{Heap after GC invocations=338 (full 3):
 PSYoungGen      total 10752K, used 1488K [0x00000000d5580000, 0x00000000d6600000, 0x0000000100000000)
  eden space 9216K, 0% used [0x00000000d5580000,0x00000000d5580000,0x00000000d5e80000)
  from space 1536K, 96% used [0x00000000d5f80000,0x00000000d60f42f0,0x00000000d6100000)
  to   space 2560K, 0% used [0x00000000d6380000,0x00000000d6380000,0x00000000d6600000)
 ParOldGen       total 529408K, used 528959K [0x0000000080000000, 0x00000000a0500000, 0x00000000d5580000)
  object space 529408K, 99% used [0x0000000080000000,0x00000000a048fc20,0x00000000a0500000)
 Metaspace       used 73146K, committed 74752K, reserved 1179648K
  class space    used 7932K, committed 8640K, reserved 1048576K
}
Event: 108.597 GC heap before
{Heap before GC invocations=339 (full 3):
 PSYoungGen      total 10752K, used 10704K [0x00000000d5580000, 0x00000000d6600000, 0x0000000100000000)
  eden space 9216K, 100% used [0x00000000d5580000,0x00000000d5e80000,0x00000000d5e80000)
  from space 1536K, 96% used [0x00000000d5f80000,0x00000000d60f42f0,0x00000000d6100000)
  to   space 2560K, 0% used [0x00000000d6380000,0x00000000d6380000,0x00000000d6600000)
 ParOldGen       total 529408K, used 528959K [0x0000000080000000, 0x00000000a0500000, 0x00000000d5580000)
  object space 529408K, 99% used [0x0000000080000000,0x00000000a048fc20,0x00000000a0500000)
 Metaspace       used 73295K, committed 74880K, reserved 1179648K
  class space    used 7937K, committed 8640K, reserved 1048576K
}
Event: 108.603 GC heap after
{Heap after GC invocations=339 (full 3):
 PSYoungGen      total 10240K, used 832K [0x00000000d5580000, 0x00000000d6480000, 0x0000000100000000)
  eden space 9216K, 0% used [0x00000000d5580000,0x00000000d5580000,0x00000000d5e80000)
  from space 1024K, 81% used [0x00000000d6380000,0x00000000d6450020,0x00000000d6480000)
  to   space 1536K, 0% used [0x00000000d6180000,0x00000000d6180000,0x00000000d6300000)
 ParOldGen       total 529920K, used 529691K [0x0000000080000000, 0x00000000a0580000, 0x00000000d5580000)
  object space 529920K, 99% used [0x0000000080000000,0x00000000a0546f90,0x00000000a0580000)
 Metaspace       used 73295K, committed 74880K, reserved 1179648K
  class space    used 7937K, committed 8640K, reserved 1048576K
}

Dll operation events (14 events):
Event: 0.037 Loaded shared library c:\Users\1234\.vscode\extensions\redhat.java-1.51.0-win32-x64\jre\21.0.9-win32-x86_64\bin\java.dll
Event: 0.280 Loaded shared library c:\Users\1234\.vscode\extensions\redhat.java-1.51.0-win32-x64\jre\21.0.9-win32-x86_64\bin\zip.dll
Event: 0.364 Loaded shared library C:\Users\1234\.vscode\extensions\redhat.java-1.51.0-win32-x64\jre\21.0.9-win32-x86_64\bin\instrument.dll
Event: 0.555 Loaded shared library C:\Users\1234\.vscode\extensions\redhat.java-1.51.0-win32-x64\jre\21.0.9-win32-x86_64\bin\net.dll
Event: 0.700 Loaded shared library C:\Users\1234\.vscode\extensions\redhat.java-1.51.0-win32-x64\jre\21.0.9-win32-x86_64\bin\nio.dll
Event: 0.710 Loaded shared library C:\Users\1234\.vscode\extensions\redhat.java-1.51.0-win32-x64\jre\21.0.9-win32-x86_64\bin\zip.dll
Event: 0.770 Loaded shared library C:\Users\1234\.vscode\extensions\redhat.java-1.51.0-win32-x64\jre\21.0.9-win32-x86_64\bin\jimage.dll
Event: 1.064 Loaded shared library c:\Users\1234\.vscode\extensions\redhat.java-1.51.0-win32-x64\jre\21.0.9-win32-x86_64\bin\verify.dll
Event: 23.475 Loaded shared library C:\Users\1234\AppData\Roaming\Code\User\globalStorage\redhat.java\1.51.0\config_win\org.eclipse.equinox.launcher\org.eclipse.equinox.launcher.win32.win32.x86_64_1.2.1400.v20250801-0854\eclipse_11916.dll
Event: 51.172 Loaded shared library C:\Users\1234\.vscode\extensions\redhat.java-1.51.0-win32-x64\jre\21.0.9-win32-x86_64\bin\management.dll
Event: 51.178 Loaded shared library C:\Users\1234\.vscode\extensions\redhat.java-1.51.0-win32-x64\jre\21.0.9-win32-x86_64\bin\management_ext.dll
Event: 54.047 Loaded shared library C:\Users\1234\AppData\Local\Temp\jna-1509442\jna18124938961232433454.dll
Event: 55.215 Loaded shared library C:\Users\1234\.vscode\extensions\redhat.java-1.51.0-win32-x64\jre\21.0.9-win32-x86_64\bin\sunmscapi.dll
Event: 55.581 Loaded shared library C:\Users\1234\.vscode\extensions\redhat.java-1.51.0-win32-x64\jre\21.0.9-win32-x86_64\bin\extnet.dll

Deoptimization events (20 events):
Event: 107.054 Thread 0x00000206e7004180 Uncommon trap: trap_request=0xffffff45 fr.pc=0x00000206933b4a3c relative=0x000000000000009c
Event: 107.054 Thread 0x00000206e7004180 Uncommon trap: reason=unstable_if action=reinterpret pc=0x00000206933b4a3c method=java.util.LinkedHashMap.afterNodeInsertion(Z)V @ 18 c2
Event: 107.054 Thread 0x00000206e7004180 DEOPT PACKING pc=0x00000206933b4a3c sp=0x00000025eb2fea50
Event: 107.054 Thread 0x00000206e7004180 DEOPT UNPACKING pc=0x0000020692743aa2 sp=0x00000025eb2fe9d0 mode 2
Event: 108.173 Thread 0x00000206e7004810 Uncommon trap: trap_request=0xffffffbe fr.pc=0x00000206934f8bd4 relative=0x00000000000002b4
Event: 108.173 Thread 0x00000206e7004810 Uncommon trap: reason=profile_predicate action=maybe_recompile pc=0x00000206934f8bd4 method=sun.security.provider.HashDrbg.addBytes([BI[[B)V @ 36 c2
Event: 108.173 Thread 0x00000206e7004810 DEOPT PACKING pc=0x00000206934f8bd4 sp=0x00000025e9efe7a0
Event: 108.173 Thread 0x00000206e7004810 DEOPT UNPACKING pc=0x0000020692743aa2 sp=0x00000025e9efe6f0 mode 2
Event: 108.174 Thread 0x00000206e7004180 Uncommon trap: trap_request=0xffffffbe fr.pc=0x00000206934f8bd4 relative=0x00000000000002b4
Event: 108.174 Thread 0x00000206e7004180 Uncommon trap: reason=profile_predicate action=maybe_recompile pc=0x00000206934f8bd4 method=sun.security.provider.HashDrbg.addBytes([BI[[B)V @ 36 c2
Event: 108.174 Thread 0x00000206e7004180 DEOPT PACKING pc=0x00000206934f8bd4 sp=0x00000025eb2fe620
Event: 108.174 Thread 0x00000206e7004180 DEOPT UNPACKING pc=0x0000020692743aa2 sp=0x00000025eb2fe570 mode 2
Event: 108.218 Thread 0x00000206e7004810 Uncommon trap: trap_request=0xffffffbe fr.pc=0x00000206934f8bd4 relative=0x00000000000002b4
Event: 108.218 Thread 0x00000206e7004810 Uncommon trap: reason=profile_predicate action=maybe_recompile pc=0x00000206934f8bd4 method=sun.security.provider.HashDrbg.addBytes([BI[[B)V @ 36 c2
Event: 108.218 Thread 0x00000206e7004810 DEOPT PACKING pc=0x00000206934f8bd4 sp=0x00000025e9efe460
Event: 108.218 Thread 0x00000206e7004810 DEOPT UNPACKING pc=0x0000020692743aa2 sp=0x00000025e9efe3b0 mode 2
Event: 108.218 Thread 0x00000206e7004810 Uncommon trap: trap_request=0xffffffbe fr.pc=0x00000206934f8bd4 relative=0x00000000000002b4
Event: 108.218 Thread 0x00000206e7004810 Uncommon trap: reason=profile_predicate action=maybe_recompile pc=0x00000206934f8bd4 method=sun.security.provider.HashDrbg.addBytes([BI[[B)V @ 36 c2
Event: 108.218 Thread 0x00000206e7004810 DEOPT PACKING pc=0x00000206934f8bd4 sp=0x00000025e9efe460
Event: 108.218 Thread 0x00000206e7004810 DEOPT UNPACKING pc=0x0000020692743aa2 sp=0x00000025e9efe3b0 mode 2

Classes loaded (20 events):
Event: 75.908 Loading class jdk/internal/event/SecurityPropertyModificationEvent
Event: 75.912 Loading class jdk/internal/event/SecurityPropertyModificationEvent done
Event: 76.053 Loading class java/util/zip/CheckedInputStream
Event: 76.054 Loading class java/util/zip/CheckedInputStream done
Event: 76.225 Loading class java/util/zip/GZIPInputStream$1
Event: 76.225 Loading class java/util/zip/GZIPInputStream$1 done
Event: 76.446 Loading class java/util/stream/DistinctOps
Event: 76.447 Loading class java/util/stream/DistinctOps done
Event: 76.447 Loading class java/util/stream/DistinctOps$1
Event: 76.448 Loading class java/util/stream/DistinctOps$1 done
Event: 76.491 Loading class java/util/stream/DistinctOps$1$2
Event: 76.491 Loading class java/util/stream/DistinctOps$1$2 done
Event: 77.181 Loading class javax/xml/transform/TransformerConfigurationException
Event: 77.181 Loading class javax/xml/transform/TransformerConfigurationException done
Event: 80.575 Loading class java/lang/StringLatin1$CharsSpliterator
Event: 80.575 Loading class java/lang/StringLatin1$CharsSpliterator done
Event: 83.111 Loading class java/util/function/IntPredicate
Event: 83.111 Loading class java/util/function/IntPredicate done
Event: 83.143 Loading class java/util/regex/Pattern$Bound
Event: 83.144 Loading class java/util/regex/Pattern$Bound done

Classes unloaded (14 events):
Event: 52.382 Thread 0x000002068807eb90 Unloading class 0x00000206a01a4800 'java/lang/invoke/LambdaForm$MH+0x00000206a01a4800'
Event: 52.382 Thread 0x000002068807eb90 Unloading class 0x00000206a01a4400 'java/lang/invoke/LambdaForm$MH+0x00000206a01a4400'
Event: 52.382 Thread 0x000002068807eb90 Unloading class 0x00000206a01a4000 'java/lang/invoke/LambdaForm$MH+0x00000206a01a4000'
Event: 52.382 Thread 0x000002068807eb90 Unloading class 0x00000206a01a3c00 'java/lang/invoke/LambdaForm$MH+0x00000206a01a3c00'
Event: 52.382 Thread 0x000002068807eb90 Unloading class 0x00000206a01a3800 'java/lang/invoke/LambdaForm$BMH+0x00000206a01a3800'
Event: 52.382 Thread 0x000002068807eb90 Unloading class 0x00000206a01a3400 'java/lang/invoke/LambdaForm$DMH+0x00000206a01a3400'
Event: 52.382 Thread 0x000002068807eb90 Unloading class 0x00000206a01a2000 'java/lang/invoke/LambdaForm$DMH+0x00000206a01a2000'
Event: 54.558 Thread 0x000002068807eb90 Unloading class 0x00000206a02f3800 'java/lang/invoke/LambdaForm$MH+0x00000206a02f3800'
Event: 54.558 Thread 0x000002068807eb90 Unloading class 0x00000206a02f3000 'java/lang/invoke/LambdaForm$MH+0x00000206a02f3000'
Event: 54.558 Thread 0x000002068807eb90 Unloading class 0x00000206a02f2800 'java/lang/invoke/LambdaForm$MH+0x00000206a02f2800'
Event: 54.558 Thread 0x000002068807eb90 Unloading class 0x00000206a02f2000 'java/lang/invoke/LambdaForm$MH+0x00000206a02f2000'
Event: 54.558 Thread 0x000002068807eb90 Unloading class 0x00000206a02f1c00 'java/lang/invoke/LambdaForm$MH+0x00000206a02f1c00'
Event: 54.558 Thread 0x000002068807eb90 Unloading class 0x00000206a02f1400 'java/lang/invoke/LambdaForm$MH+0x00000206a02f1400'
Event: 54.558 Thread 0x000002068807eb90 Unloading class 0x00000206a02f0800 'java/lang/invoke/LambdaForm$MH+0x00000206a02f0800'

Classes redefined (0 events):
No events

Internal exceptions (20 events):
Event: 76.912 Thread 0x00000206e7004810 Exception <a 'sun/nio/fs/WindowsException'{0x00000000d590d5a8}> (0x00000000d590d5a8) 
thrown [s\src\hotspot\share\prims\jni.cpp, line 520]
Event: 76.912 Thread 0x00000206e7004810 Exception <a 'sun/nio/fs/WindowsException'{0x00000000d590de88}> (0x00000000d590de88) 
thrown [s\src\hotspot\share\prims\jni.cpp, line 520]
Event: 76.913 Thread 0x00000206e7004810 Exception <a 'sun/nio/fs/WindowsException'{0x00000000d590efe8}> (0x00000000d590efe8) 
thrown [s\src\hotspot\share\prims\jni.cpp, line 520]
Event: 76.913 Thread 0x00000206e7004810 Exception <a 'sun/nio/fs/WindowsException'{0x00000000d590f618}> (0x00000000d590f618) 
thrown [s\src\hotspot\share\prims\jni.cpp, line 520]
Event: 77.213 Thread 0x00000206e85e33b0 Exception <a 'java/lang/NoSuchMethodError'{0x00000000d5ac93b8}: 'java.lang.Object java.lang.invoke.DirectMethodHandle$Holder.invokeStaticInit(java.lang.Object, java.lang.Object, java.lang.Object)'> (0x00000000d5ac93b8) 
thrown [s\src\hotspot\share\interpreter\linkResolver.cpp, line 773]
Event: 77.838 Thread 0x00000206e70020b0 Exception <a 'java/lang/IncompatibleClassChangeError'{0x00000000d5c0eda8}: Found class java.lang.Object, but interface was expected> (0x00000000d5c0eda8) 
thrown [s\src\hotspot\share\interpreter\linkResolver.cpp, line 840]
Event: 77.838 Thread 0x00000206e70020b0 Exception <a 'java/lang/IncompatibleClassChangeError'{0x00000000d5c10a28}: Found class java.lang.Object, but interface was expected> (0x00000000d5c10a28) 
thrown [s\src\hotspot\share\interpreter\linkResolver.cpp, line 840]
Event: 78.615 Thread 0x00000206e70020b0 Exception <a 'java/lang/IncompatibleClassChangeError'{0x00000000d577b2f0}: Found class java.lang.Object, but interface was expected> (0x00000000d577b2f0) 
thrown [s\src\hotspot\share\interpreter\linkResolver.cpp, line 840]
Event: 79.876 Thread 0x00000206e13a9410 Exception <a 'sun/nio/fs/WindowsException'{0x00000000d5c65080}> (0x00000000d5c65080) 
thrown [s\src\hotspot\share\prims\jni.cpp, line 520]
Event: 80.147 Thread 0x00000206e13a9410 Exception <a 'sun/nio/fs/WindowsException'{0x00000000d58602d0}> (0x00000000d58602d0) 
thrown [s\src\hotspot\share\prims\jni.cpp, line 520]
Event: 81.177 Thread 0x00000206e6ffec30 Exception <a 'java/lang/NoSuchMethodError'{0x00000000d5b2afa8}: 'java.lang.Object java.lang.invoke.DirectMethodHandle$Holder.newInvokeSpecial(java.lang.Object, java.lang.Object, java.lang.Object, java.lang.Object, java.lang.Object, java.lang.Object, java.lang.Object)'> (0x00000000d5b2afa8) 
thrown [s\src\hotspot\share\interpreter\linkResolver.cpp, line 773]
Event: 81.340 Thread 0x00000206e6ffec30 Exception <a 'java/lang/ArrayIndexOutOfBoundsException'{0x00000000d5cf4850}: Index 440 out of bounds for length 440> (0x00000000d5cf4850) 
thrown [s\src\hotspot\share\interpreter\interpreterRuntime.cpp, line 439]
Event: 82.894 Thread 0x00000206e7004180 Exception <a 'java/lang/NoSuchMethodError'{0x00000000d56d5c30}: 'int java.lang.invoke.DirectMethodHandle$Holder.invokeSpecialIFC(java.lang.Object, java.lang.Object, java.lang.Object)'> (0x00000000d56d5c30) 
thrown [s\src\hotspot\share\interpreter\linkResolver.cpp, line 773]
Event: 82.908 Thread 0x00000206e7004180 Exception <a 'java/lang/NoSuchMethodError'{0x00000000d571c488}: 'java.lang.Object java.lang.invoke.DirectMethodHandle$Holder.invokeStatic(java.lang.Object, int, java.lang.Object)'> (0x00000000d571c488) 
thrown [s\src\hotspot\share\interpreter\linkResolver.cpp, line 773]
Event: 83.112 Thread 0x00000206e7004180 Exception <a 'java/lang/NoSuchMethodError'{0x00000000d5aad268}: 'int java.lang.invoke.DirectMethodHandle$Holder.invokeStaticInit(java.lang.Object, int)'> (0x00000000d5aad268) 
thrown [s\src\hotspot\share\interpreter\linkResolver.cpp, line 773]
Event: 86.479 Thread 0x00000206e70020b0 Exception <a 'java/lang/IncompatibleClassChangeError'{0x00000000d5976138}: Found class java.lang.Object, but interface was expected> (0x00000000d5976138) 
thrown [s\src\hotspot\share\interpreter\linkResolver.cpp, line 840]
Event: 95.724 Thread 0x00000206e7004810 Implicit null exception at 0x00000206933c6429 to 0x00000206933c6608
Event: 104.430 Thread 0x00000206e70020b0 Exception <a 'java/lang/IncompatibleClassChangeError'{0x00000000d5aa1230}: Found class java.lang.Object, but interface was expected> (0x00000000d5aa1230) 
thrown [s\src\hotspot\share\interpreter\linkResolver.cpp, line 840]
Event: 104.835 Thread 0x00000206e13a9410 Exception <a 'sun/nio/fs/WindowsException'{0x00000000d56afd58}> (0x00000000d56afd58) 
thrown [s\src\hotspot\share\prims\jni.cpp, line 520]
Event: 105.244 Thread 0x00000206e13a9410 Exception <a 'sun/nio/fs/WindowsException'{0x00000000d5b5a7e0}> (0x00000000d5b5a7e0) 
thrown [s\src\hotspot\share\prims\jni.cpp, line 520]

ZGC Phase Switch (0 events):
No events

VM Operations (20 events):
Event: 105.806 Executing VM operation: ParallelGCFailedAllocation (Allocation Failure)
Event: 105.841 Executing VM operation: ParallelGCFailedAllocation (Allocation Failure) done
Event: 106.848 Executing VM operation: Cleanup
Event: 106.849 Executing VM operation: Cleanup done
Event: 107.864 Executing VM operation: Cleanup
Event: 107.864 Executing VM operation: Cleanup done
Event: 108.597 Executing VM operation: ParallelGCFailedAllocation (Allocation Failure)
Event: 108.603 Executing VM operation: ParallelGCFailedAllocation (Allocation Failure) done
Event: 109.612 Executing VM operation: Cleanup
Event: 109.612 Executing VM operation: Cleanup done
Event: 110.626 Executing VM operation: Cleanup
Event: 110.626 Executing VM operation: Cleanup done
Event: 112.628 Executing VM operation: Cleanup
Event: 112.628 Executing VM operation: Cleanup done
Event: 118.652 Executing VM operation: Cleanup
Event: 118.652 Executing VM operation: Cleanup done
Event: 120.434 Executing VM operation: HandshakeAllThreads (HandshakeForDeflation)
Event: 120.435 Executing VM operation: HandshakeAllThreads (HandshakeForDeflation) done
Event: 120.435 Executing VM operation: RendezvousGCThreads
Event: 120.435 Executing VM operation: RendezvousGCThreads done

Memory protections (0 events):
No events

Nmethod flushes (20 events):
Event: 63.877 Thread 0x000002068807eb90 flushing  nmethod 0x000002068ba98790
Event: 63.877 Thread 0x000002068807eb90 flushing  nmethod 0x000002068bac0410
Event: 63.877 Thread 0x000002068807eb90 flushing  nmethod 0x000002068bac7090
Event: 63.877 Thread 0x000002068807eb90 flushing  nmethod 0x000002068bacb390
Event: 63.877 Thread 0x000002068807eb90 flushing  nmethod 0x000002068bacc390
Event: 63.877 Thread 0x000002068807eb90 flushing  nmethod 0x000002068bacd810
Event: 63.877 Thread 0x000002068807eb90 flushing  nmethod 0x000002068bacdc10
Event: 63.877 Thread 0x000002068807eb90 flushing  nmethod 0x000002068bace090
Event: 63.877 Thread 0x000002068807eb90 flushing  nmethod 0x000002068bad4590
Event: 63.877 Thread 0x000002068807eb90 flushing  nmethod 0x000002068bad4b10
Event: 63.877 Thread 0x000002068807eb90 flushing  nmethod 0x000002068bad5110
Event: 63.877 Thread 0x000002068807eb90 flushing  nmethod 0x000002068bad5890
Event: 63.877 Thread 0x000002068807eb90 flushing  nmethod 0x000002068bad5c90
Event: 63.877 Thread 0x000002068807eb90 flushing  nmethod 0x000002068bad6110
Event: 63.877 Thread 0x000002068807eb90 flushing  nmethod 0x000002068bad6710
Event: 63.877 Thread 0x000002068807eb90 flushing  nmethod 0x000002068bad6b10
Event: 63.877 Thread 0x000002068807eb90 flushing  nmethod 0x000002068bad7110
Event: 63.877 Thread 0x000002068807eb90 flushing  nmethod 0x000002068bb02410
Event: 63.877 Thread 0x000002068807eb90 flushing  nmethod 0x000002068bb09290
Event: 63.877 Thread 0x000002068807eb90 flushing  nmethod 0x000002068bb2b710

Events (20 events):
Event: 80.983 Thread 0x000002069ea6a220 Thread added: 0x00000206e9a4e6f0
Event: 81.445 Thread 0x000002069ea6a220 Thread added: 0x00000206e7e2f8b0
Event: 81.991 Thread 0x00000206e7e2f8b0 Thread exited: 0x00000206e7e2f8b0
Event: 81.991 Thread 0x00000206e9a4e6f0 Thread exited: 0x00000206e9a4e6f0
Event: 82.271 Thread 0x000002069ea6a220 Thread added: 0x00000206e7e2f8b0
Event: 83.785 Thread 0x00000206e7e2f8b0 Thread exited: 0x00000206e7e2f8b0
Event: 104.714 Thread 0x000002069ea6a220 Thread added: 0x00000206e7e2f8b0
Event: 104.914 Thread 0x00000206e13abb70 Thread added: 0x00000206e85e4df0
Event: 105.112 Thread 0x00000206e7e2f8b0 Thread exited: 0x00000206e7e2f8b0
Event: 105.641 Thread 0x000002069ea64ba0 Thread added: 0x00000206e7e2f8b0
Event: 105.648 Thread 0x000002069ea64ba0 Thread added: 0x00000206e85f91b0
Event: 108.159 Thread 0x00000206e85f91b0 Thread exited: 0x00000206e85f91b0
Event: 108.174 Thread 0x00000206e7e2f8b0 Thread exited: 0x00000206e7e2f8b0
Event: 164.972 Thread 0x00000206e7003460 Thread exited: 0x00000206e7003460
Event: 165.527 Thread 0x00000206e13aa7c0 Thread exited: 0x00000206e13aa7c0
Event: 165.559 Thread 0x00000206e13a9aa0 Thread exited: 0x00000206e13a9aa0
Event: 168.584 Thread 0x00000206e13ab4e0 Thread exited: 0x00000206e13ab4e0
Event: 170.233 Thread 0x00000206e6d123f0 Thread exited: 0x00000206e6d123f0
Event: 187.943 Thread 0x00000206e7004180 Thread exited: 0x00000206e7004180
Event: 247.943 Thread 0x00000206e7004810 Thread exited: 0x00000206e7004810


Dynamic libraries:
0x00007ff692450000 - 0x00007ff69245e000 	c:\Users\1234\.vscode\extensions\redhat.java-1.51.0-win32-x64\jre\21.0.9-win32-x86_64\bin\java.exe
0x00007ffa27740000 - 0x00007ffa279a7000 	C:\WINDOWS\SYSTEM32\ntdll.dll
0x00007ffa26340000 - 0x00007ffa26409000 	C:\WINDOWS\System32\KERNEL32.DLL
0x00007ffa24ab0000 - 0x00007ffa24e9f000 	C:\WINDOWS\System32\KERNELBASE.dll
0x00007ffa24fe0000 - 0x00007ffa2512b000 	C:\WINDOWS\System32\ucrtbase.dll
0x00007ff9f8480000 - 0x00007ff9f8498000 	c:\Users\1234\.vscode\extensions\redhat.java-1.51.0-win32-x64\jre\21.0.9-win32-x86_64\bin\jli.dll
0x00007ffa26410000 - 0x00007ffa265d5000 	C:\WINDOWS\System32\USER32.dll
0x00007ffa24940000 - 0x00007ffa24967000 	C:\WINDOWS\System32\win32u.dll
0x00007ffa256c0000 - 0x00007ffa256eb000 	C:\WINDOWS\System32\GDI32.dll
0x00007ffa24eb0000 - 0x00007ffa24fdc000 	C:\WINDOWS\System32\gdi32full.dll
0x00007ffa24970000 - 0x00007ffa24a13000 	C:\WINDOWS\System32\msvcp_win.dll
0x00007ff9fda10000 - 0x00007ff9fda2e000 	c:\Users\1234\.vscode\extensions\redhat.java-1.51.0-win32-x64\jre\21.0.9-win32-x86_64\bin\VCRUNTIME140.dll
0x00007ffa0b890000 - 0x00007ffa0bb23000 	C:\WINDOWS\WinSxS\amd64_microsoft.windows.common-controls_6595b64144ccf1df_6.0.26100.7309_none_3e05feeae336a044\COMCTL32.dll
0x00007ffa26860000 - 0x00007ffa26909000 	C:\WINDOWS\System32\msvcrt.dll
0x00007ffa26910000 - 0x00007ffa26941000 	C:\WINDOWS\System32\IMM32.DLL
0x00007ff9ff2b0000 - 0x00007ff9ff2bc000 	c:\Users\1234\.vscode\extensions\redhat.java-1.51.0-win32-x64\jre\21.0.9-win32-x86_64\bin\vcruntime140_1.dll
0x00007ff9d0a60000 - 0x00007ff9d0aed000 	c:\Users\1234\.vscode\extensions\redhat.java-1.51.0-win32-x64\jre\21.0.9-win32-x86_64\bin\msvcp140.dll
0x00007ff987540000 - 0x00007ff9882e0000 	c:\Users\1234\.vscode\extensions\redhat.java-1.51.0-win32-x64\jre\21.0.9-win32-x86_64\bin\server\jvm.dll
0x00007ffa27570000 - 0x00007ffa27624000 	C:\WINDOWS\System32\ADVAPI32.dll
0x00007ffa26740000 - 0x00007ffa267e6000 	C:\WINDOWS\System32\sechost.dll
0x00007ffa25780000 - 0x00007ffa25898000 	C:\WINDOWS\System32\RPCRT4.dll
0x00007ffa266c0000 - 0x00007ffa26734000 	C:\WINDOWS\System32\WS2_32.dll
0x00007ffa246f0000 - 0x00007ffa2474e000 	C:\WINDOWS\SYSTEM32\POWRPROF.dll
0x00007ffa175d0000 - 0x00007ffa175db000 	C:\WINDOWS\SYSTEM32\VERSION.dll
0x00007ffa0bc30000 - 0x00007ffa0bc65000 	C:\WINDOWS\SYSTEM32\WINMM.dll
0x00007ffa246d0000 - 0x00007ffa246e4000 	C:\WINDOWS\SYSTEM32\UMPDC.dll
0x00007ffa23640000 - 0x00007ffa2365b000 	C:\WINDOWS\SYSTEM32\kernel.appcore.dll
0x00007ff9fd950000 - 0x00007ff9fd95a000 	c:\Users\1234\.vscode\extensions\redhat.java-1.51.0-win32-x64\jre\21.0.9-win32-x86_64\bin\jimage.dll
0x00007ffa21fe0000 - 0x00007ffa22222000 	C:\WINDOWS\SYSTEM32\DBGHELP.DLL
0x00007ffa269e0000 - 0x00007ffa26d65000 	C:\WINDOWS\System32\combase.dll
0x00007ffa26e70000 - 0x00007ffa26f46000 	C:\WINDOWS\System32\OLEAUT32.dll
0x00007ff9ff730000 - 0x00007ff9ff76c000 	C:\WINDOWS\SYSTEM32\dbgcore.DLL
0x00007ffa24890000 - 0x00007ffa24935000 	C:\WINDOWS\System32\bcryptPrimitives.dll
0x00007ff9fcbe0000 - 0x00007ff9fcbef000 	c:\Users\1234\.vscode\extensions\redhat.java-1.51.0-win32-x64\jre\21.0.9-win32-x86_64\bin\instrument.dll
0x00007ff9f8410000 - 0x00007ff9f8430000 	c:\Users\1234\.vscode\extensions\redhat.java-1.51.0-win32-x64\jre\21.0.9-win32-x86_64\bin\java.dll
0x00007ffa25a50000 - 0x00007ffa261a3000 	C:\WINDOWS\System32\SHELL32.dll
0x00007ffa25370000 - 0x00007ffa254da000 	C:\WINDOWS\System32\wintypes.dll
0x00007ffa224b0000 - 0x00007ffa22d0e000 	C:\WINDOWS\SYSTEM32\windows.storage.dll
0x00007ffa26d70000 - 0x00007ffa26e65000 	C:\WINDOWS\System32\SHCORE.dll
0x00007ffa267f0000 - 0x00007ffa26856000 	C:\WINDOWS\System32\shlwapi.dll
0x00007ffa247b0000 - 0x00007ffa247d9000 	C:\WINDOWS\SYSTEM32\profapi.dll
0x00007ff9f82d0000 - 0x00007ff9f82e8000 	c:\Users\1234\.vscode\extensions\redhat.java-1.51.0-win32-x64\jre\21.0.9-win32-x86_64\bin\zip.dll
0x00007ff9f8520000 - 0x00007ff9f8530000 	C:\Users\1234\.vscode\extensions\redhat.java-1.51.0-win32-x64\jre\21.0.9-win32-x86_64\bin\net.dll
0x00007ffa129c0000 - 0x00007ffa12ae8000 	C:\WINDOWS\SYSTEM32\WINHTTP.dll
0x00007ffa23bb0000 - 0x00007ffa23c1b000 	C:\WINDOWS\system32\mswsock.dll
0x00007ff9f7af0000 - 0x00007ff9f7b06000 	C:\Users\1234\.vscode\extensions\redhat.java-1.51.0-win32-x64\jre\21.0.9-win32-x86_64\bin\nio.dll
0x00007ff9f8320000 - 0x00007ff9f8330000 	c:\Users\1234\.vscode\extensions\redhat.java-1.51.0-win32-x64\jre\21.0.9-win32-x86_64\bin\verify.dll
0x00007ff9d1920000 - 0x00007ff9d1964000 	C:\Users\1234\AppData\Roaming\Code\User\globalStorage\redhat.java\1.51.0\config_win\org.eclipse.equinox.launcher\org.eclipse.equinox.launcher.win32.win32.x86_64_1.2.1400.v20250801-0854\eclipse_11916.dll
0x00007ffa258b0000 - 0x00007ffa25a47000 	C:\WINDOWS\System32\ole32.dll
0x00007ffa103e0000 - 0x00007ffa103ea000 	C:\Users\1234\.vscode\extensions\redhat.java-1.51.0-win32-x64\jre\21.0.9-win32-x86_64\bin\management.dll
0x00007ff9f7e20000 - 0x00007ff9f7e2c000 	C:\Users\1234\.vscode\extensions\redhat.java-1.51.0-win32-x64\jre\21.0.9-win32-x86_64\bin\management_ext.dll
0x00007ffa258a0000 - 0x00007ffa258a8000 	C:\WINDOWS\System32\PSAPI.DLL
0x00007ffa23e70000 - 0x00007ffa23e8b000 	C:\WINDOWS\SYSTEM32\CRYPTSP.dll
0x00007ffa235a0000 - 0x00007ffa235da000 	C:\WINDOWS\system32\rsaenh.dll
0x00007ffa23c60000 - 0x00007ffa23c8b000 	C:\WINDOWS\SYSTEM32\USERENV.dll
0x00007ffa24780000 - 0x00007ffa247aa000 	C:\WINDOWS\SYSTEM32\bcrypt.dll
0x00007ffa23e90000 - 0x00007ffa23e9c000 	C:\WINDOWS\SYSTEM32\CRYPTBASE.dll
0x00007ffa23100000 - 0x00007ffa23134000 	C:\WINDOWS\SYSTEM32\IPHLPAPI.DLL
0x00007ffa261b0000 - 0x00007ffa261ba000 	C:\WINDOWS\System32\NSI.dll
0x00007ff9ce5e0000 - 0x00007ff9ce629000 	C:\Users\1234\AppData\Local\Temp\jna-1509442\jna18124938961232433454.dll
0x00007ffa19c90000 - 0x00007ffa19cae000 	C:\WINDOWS\SYSTEM32\dhcpcsvc6.DLL
0x00007ffa17630000 - 0x00007ffa17653000 	C:\WINDOWS\SYSTEM32\dhcpcsvc.DLL
0x00007ff9f7dc0000 - 0x00007ff9f7dce000 	C:\Users\1234\.vscode\extensions\redhat.java-1.51.0-win32-x64\jre\21.0.9-win32-x86_64\bin\sunmscapi.dll
0x00007ffa25130000 - 0x00007ffa252a7000 	C:\WINDOWS\System32\CRYPT32.dll
0x00007ffa24090000 - 0x00007ffa240c0000 	C:\WINDOWS\SYSTEM32\ncrypt.dll
0x00007ffa24040000 - 0x00007ffa2407f000 	C:\WINDOWS\SYSTEM32\NTASN1.dll
0x00007ffa231e0000 - 0x00007ffa2330c000 	C:\WINDOWS\SYSTEM32\DNSAPI.dll
0x00007ffa10d20000 - 0x00007ffa10d2b000 	C:\Windows\System32\rasadhlp.dll
0x00007ffa19790000 - 0x00007ffa19816000 	C:\WINDOWS\System32\fwpuclnt.dll
0x00007ff9f7ad0000 - 0x00007ff9f7ad9000 	C:\Users\1234\.vscode\extensions\redhat.java-1.51.0-win32-x64\jre\21.0.9-win32-x86_64\bin\extnet.dll

JVMTI agents:
c:\Users\1234\.vscode\extensions\redhat.java-1.51.0-win32-x64\lombok\lombok-1.18.39-4050.jar path:c:\Users\1234\.vscode\extensions\redhat.java-1.51.0-win32-x64\jre\21.0.9-win32-x86_64\bin\instrument.dll, loaded, initialized, instrumentlib options:none

dbghelp: loaded successfully - version: 4.0.5 - missing functions: none
symbol engine: initialized successfully - sym options: 0x614 - pdb path: .;c:\Users\1234\.vscode\extensions\redhat.java-1.51.0-win32-x64\jre\21.0.9-win32-x86_64\bin;C:\WINDOWS\SYSTEM32;C:\WINDOWS\WinSxS\amd64_microsoft.windows.common-controls_6595b64144ccf1df_6.0.26100.7309_none_3e05feeae336a044;c:\Users\1234\.vscode\extensions\redhat.java-1.51.0-win32-x64\jre\21.0.9-win32-x86_64\bin\server;C:\Users\1234\AppData\Roaming\Code\User\globalStorage\redhat.java\1.51.0\config_win\org.eclipse.equinox.launcher\org.eclipse.equinox.launcher.win32.win32.x86_64_1.2.1400.v20250801-0854;C:\Users\1234\AppData\Local\Temp\jna-1509442

VM Arguments:
jvm_args: --add-modules=ALL-SYSTEM --add-opens=java.base/java.util=ALL-UNNAMED --add-opens=java.base/java.lang=ALL-UNNAMED --add-opens=java.base/sun.nio.fs=ALL-UNNAMED -Declipse.application=org.eclipse.jdt.ls.core.id1 -Dosgi.bundles.defaultStartLevel=4 -Declipse.product=org.eclipse.jdt.ls.core.product -Djava.import.generatesMetadataFilesAtProjectRoot=false -DDetectVMInstallationsJob.disabled=true -Dfile.encoding=utf8 -XX:+UseParallelGC -XX:GCTimeRatio=4 -XX:AdaptiveSizePolicyWeight=90 -Dsun.zip.disableMemoryMapping=true -Xmx2G -Xms100m -Xlog:disable -javaagent:c:\Users\1234\.vscode\extensions\redhat.java-1.51.0-win32-x64\lombok\lombok-1.18.39-4050.jar -XX:+HeapDumpOnOutOfMemoryError -XX:HeapDumpPath=c:\Users\1234\AppData\Roaming\Code\User\workspaceStorage\cbc5061a08b81d8c0b13dd733fd11101\redhat.java -Daether.dependencyCollector.impl=bf 
java_command: c:\Users\1234\.vscode\extensions\redhat.java-1.51.0-win32-x64\server\plugins\org.eclipse.equinox.launcher_1.7.100.v20251111-0406.jar -configuration c:\Users\1234\AppData\Roaming\Code\User\globalStorage\redhat.java\1.51.0\config_win -data c:\Users\1234\AppData\Roaming\Code\User\workspaceStorage\cbc5061a08b81d8c0b13dd733fd11101\redhat.java\jdt_ws --pipe=\\.\pipe\lsp-b069ebf0e2c445933977ca38c6203d7b-sock
java_class_path (initial): c:\Users\1234\.vscode\extensions\redhat.java-1.51.0-win32-x64\server\plugins\org.eclipse.equinox.launcher_1.7.100.v20251111-0406.jar
Launcher Type: SUN_STANDARD

[Global flags]
    uintx AdaptiveSizePolicyWeight                 = 90                                        {product} {command line}
     intx CICompilerCount                          = 4                                         {product} {ergonomic}
    uintx GCTimeRatio                              = 4                                         {product} {command line}
     bool HeapDumpOnOutOfMemoryError               = true                                   {manageable} {command line}
    ccstr HeapDumpPath                             = c:\Users\1234\AppData\Roaming\Code\User\workspaceStorage\cbc5061a08b81d8c0b13dd733fd11101\redhat.java         {manageable} {command line}
   size_t InitialHeapSize                          = 104857600                                 {product} {command line}
   size_t MaxHeapSize                              = 2147483648                                {product} {command line}
   size_t MaxNewSize                               = 715653120                                 {product} {ergonomic}
   size_t MinHeapDeltaBytes                        = 524288                                    {product} {ergonomic}
   size_t MinHeapSize                              = 104857600                                 {product} {command line}
   size_t NewSize                                  = 34603008                                  {product} {ergonomic}
    uintx NonNMethodCodeHeapSize                   = 5839372                                {pd product} {ergonomic}
    uintx NonProfiledCodeHeapSize                  = 122909434                              {pd product} {ergonomic}
   size_t OldSize                                  = 70254592                                  {product} {ergonomic}
    uintx ProfiledCodeHeapSize                     = 122909434                              {pd product} {ergonomic}
    uintx ReservedCodeCacheSize                    = 251658240                              {pd product} {ergonomic}
     bool SegmentedCodeCache                       = true                                      {product} {ergonomic}
   size_t SoftMaxHeapSize                          = 2147483648                             {manageable} {ergonomic}
     bool UseCompressedOops                        = true                           {product lp64_product} {ergonomic}
     bool UseLargePagesIndividualAllocation        = false                                  {pd product} {ergonomic}
     bool UseParallelGC                            = true                                      {product} {command line}

Logging:
Log output configuration:
 #0: stdout all=off uptime,level,tags foldmultilines=false
 #1: stderr all=off uptime,level,tags foldmultilines=false

Release file:
JAVA_VERSION="21.0.9" 
MODULES="java.base java.compiler java.datatransfer java.xml java.prefs java.desktop java.instrument java.logging java.management java.security.sasl java.naming java.rmi java.management.rmi java.net.http java.scripting java.security.jgss java.transaction.xa java.sql java.sql.rowset java.xml.crypto java.se java.smartcardio jdk.accessibility jdk.internal.jvmstat jdk.attach jdk.charsets jdk.internal.opt jdk.zipfs jdk.compiler jdk.crypto.ec jdk.crypto.cryptoki jdk.crypto.mscapi jdk.dynalink jdk.internal.ed jdk.editpad jdk.hotspot.agent jdk.httpserver jdk.internal.le jdk.internal.vm.ci jdk.internal.vm.compiler jdk.internal.vm.compiler.management jdk.jartool jdk.javadoc jdk.jcmd jdk.management jdk.management.agent jdk.jconsole jdk.jdeps jdk.jdwp.agent jdk.jdi jdk.jfr jdk.jshell jdk.jsobject jdk.jstatd jdk.localedata jdk.management.jfr jdk.naming.dns jdk.naming.rmi jdk.net jdk.nio.mapmode jdk.random jdk.sctp jdk.security.auth jdk.security.jgss jdk.unsupported jdk.unsupported.desktop jdk.xml.dom" 

Environment Variables:
PATH=C:\Program Files\Common Files\Oracle\Java\javapath;C:\WINDOWS\system32;C:\WINDOWS;C:\WINDOWS\System32\Wbem;C:\WINDOWS\System32\WindowsPowerShell\v1.0\;C:\WINDOWS\System32\OpenSSH\;C:\Program Files\Git\cmd;C:\Program Files\nodejs\;C:\Program Files\dotnet\;C:\msys64\mingw64\bin;C:\Users\1234\AppData\Local\Programs\Python\Python314\Scripts\;C:\Users\1234\AppData\Local\Programs\Python\Python314\;C:\Users\1234\AppData\Local\Microsoft\WindowsApps;C:\Users\1234\AppData\Local\Programs\Microsoft VS Code\bin;C:\Users\1234\AppData\Local\GitHubDesktop\bin;C:\Users\1234\AppData\Roaming\npm;
USERNAME=1234
OS=Windows_NT
PROCESSOR_IDENTIFIER=Intel64 Family 6 Model 142 Stepping 12, GenuineIntel
TMP=C:\Users\1234\AppData\Local\Temp
TEMP=C:\Users\1234\AppData\Local\Temp




Periodic native trim disabled

---------------  S Y S T E M  ---------------

OS:
 Windows 11 , 64 bit Build 26100 (10.0.26100.7309)
OS uptime: 6 days 3:17 hours

CPU: total 8 (initial active 8) (4 cores per cpu, 2 threads per core) family 6 model 142 stepping 12 microcode 0xfa, cx8, cmov, fxsr, ht, mmx, 3dnowpref, sse, sse2, sse3, ssse3, sse4.1, sse4.2, popcnt, lzcnt, tsc, tscinvbit, avx, avx2, aes, erms, clmul, bmi1, bmi2, adx, fma, vzeroupper, clflush, clflushopt, rdtscp, f16c
Processor Information for the first 8 processors :
  Max Mhz: 2208, Current Mhz: 1706, Mhz Limit: 1700

Memory: 4k page, system-wide physical 16136M (1903M free)
TotalPageFile size 33940M (AvailPageFile size 7M)
current process WorkingSet (physical memory assigned to process): 864M, peak: 898M
current process commit charge ("private bytes"): 803M, peak: 841M

vm_info: OpenJDK 64-Bit Server VM (21.0.9+10-LTS) for windows-amd64 JRE (21.0.9+10-LTS), built on 2025-10-21T00:00:00Z by "admin" with unknown MS VC++:1942

END.
